2023-08-07 15:58:49,551 | INFO | Recieved version from Gigabyte: 13.05.03
2023-08-07 15:58:51,758 | INFO | New version( 13.05.03) is different from implemented version( 13.05.03)
2023-08-07 15:58:57,424 | INFO | Recieved version from Gigabyte: 13.05.03
2023-08-07 15:59:04,787 | INFO | New version( 13.05.03) is different from implemented version( 13.05.03)
2023-08-07 15:59:05,278 | INFO | Recieved version from Gigabyte: 13.05.03
2023-08-07 15:59:12,929 | INFO | Recieved version from Gigabyte: 13.05.03
2023-08-07 15:59:15,118 | INFO | New version( 13.05.03) is different from implemented version( 13.05.03)
2023-08-07 15:59:21,053 | INFO | Recieved version from Gigabyte: 13.05.03
2023-08-07 15:59:33,263 | INFO | Recieved version from Gigabyte: 13.05.03
2023-08-07 15:59:35,460 | INFO | New version(13.05.03) is different from implemented version(13.05.03)
2023-08-07 15:59:41,206 | INFO | Recieved version from Gigabyte: 13.05.03
2023-08-07 15:59:48,566 | INFO | New version(13.05.03) is different from implemented version(13.05.03)
2023-08-07 15:59:49,095 | INFO | Recieved version from Gigabyte: 13.05.03
2023-08-07 16:00:05,405 | INFO | Recieved version from Gigabyte: 13.05.03
2023-08-07 16:00:07,586 | INFO | New version (13.05.03) is different from implemented version(13.05.03)
2023-08-07 16:00:13,357 | INFO | Recieved version from Gigabyte: 13.05.03
2023-08-07 16:00:20,711 | INFO | New version (13.05.03) is different from implemented version(13.05.03)
2023-08-07 16:00:21,117 | INFO | Recieved version from Gigabyte: 13.05.03
2023-08-07 16:10:25,238 | INFO | Recieved version from Gigabyte: 13.05.03
2023-08-07 16:10:27,426 | INFO | New version (13.05.03) is different from implemented version(13.05.03)
2023-08-07 16:10:33,155 | INFO | Recieved version from Gigabyte: 13.05.03
2023-08-07 16:10:40,515 | INFO | New version (13.05.03) is different from implemented version(13.05.03)
2023-08-07 16:10:41,221 | INFO | Recieved version from Gigabyte: 13.05.03
2023-08-07 16:10:48,872 | INFO | Recieved version from Gigabyte: 13.05.03
2023-08-07 16:10:51,051 | INFO | New version (13.05.03) is different from implemented version(13.05.03)
2023-08-07 16:10:56,847 | INFO | Recieved version from Gigabyte: 13.05.03
2023-08-07 16:11:04,232 | INFO | New version (13.05.03) is different from implemented version(13.05.03)
2023-08-07 16:11:04,867 | INFO | Recieved version from Gigabyte: 13.05.03
2023-08-07 16:11:12,697 | INFO | Recieved version from Gigabyte: 13.05.03
2023-08-07 16:11:14,884 | INFO | New version (13.05.03) is different from implemented version(13.05.03)
2023-08-07 16:11:20,643 | INFO | Recieved version from Gigabyte: 13.05.03
2023-08-07 16:11:27,998 | INFO | New version (13.05.03) is different from implemented version(13.05.03)
2023-08-07 16:11:28,673 | INFO | Recieved version from Gigabyte: 13.05.03
2023-08-07 16:11:36,372 | INFO | Recieved version from Gigabyte: 13.05.03
2023-08-07 16:11:38,550 | INFO | New version (13.05.03) is different from implemented version(13.05.03)
2023-08-07 16:11:44,285 | INFO | Recieved version from Gigabyte: 13.05.03
2023-08-07 16:11:51,663 | INFO | New version (13.05.03) is different from implemented version(13.05.03)
2023-08-07 16:11:52,226 | INFO | Recieved version from Gigabyte: 13.05.03
2023-08-07 16:11:59,870 | INFO | Recieved version from Gigabyte: 13.05.03
2023-08-07 16:12:02,128 | INFO | New version (13.05.03) is different from implemented version(13.05.03)
2023-08-07 16:12:07,858 | INFO | Recieved version from Gigabyte: 13.05.03
2023-08-07 16:44:26,362 | INFO | Recieved version from Gigabyte: 13.05.03
2023-08-07 16:44:28,522 | INFO | New version (13.05.03) is different from implemented version(13.05.03)
2023-08-07 16:47:29,688 | INFO | Recieved version from Gigabyte: 13.05.03
2023-08-07 16:47:31,863 | INFO | New version (13.05.03) is different from implemented version(13.05.03)
2023-08-07 16:47:37,330 | INFO | Recieved version from Gigabyte: 13.05.03
2023-08-07 16:47:44,678 | INFO | New version (13.05.03) is different from implemented version(13.05.03)
2023-08-07 16:47:44,924 | INFO | Recieved version from Gigabyte: 13.05.03
2023-08-07 16:47:52,677 | INFO | Recieved version from Gigabyte: 13.05.03
2023-08-07 16:47:54,874 | INFO | New version (13.05.03) is different from implemented version(13.05.03)
2023-08-07 16:48:00,342 | INFO | Recieved version from Gigabyte: 13.05.03
2023-08-07 16:48:07,743 | INFO | New version (13.05.03) is different from implemented version(13.05.03)
2023-08-07 16:48:08,037 | INFO | Recieved version from Gigabyte: 13.05.03
2023-08-07 16:48:15,390 | INFO | Recieved version from Gigabyte: 13.05.03
2023-08-07 16:48:18,582 | INFO | New version (13.05.03) is different from implemented version(13.05.03)
2023-08-07 16:48:23,294 | INFO | Recieved version from Gigabyte: 13.05.03
2023-08-07 16:48:30,945 | INFO | Recieved version from Gigabyte: 13.05.03
2023-08-07 16:48:30,948 | INFO | New version (13.05.03) is different from implemented version(13.05.03)
2023-08-07 16:48:38,853 | INFO | Recieved version from Gigabyte: 13.05.03
2023-08-07 16:48:42,030 | INFO | New version (13.05.03) is different from implemented version(13.05.03)
2023-08-07 16:48:47,021 | INFO | Recieved version from Gigabyte: 13.05.03
2023-08-07 16:48:48,391 | INFO | New implemented version: 13.05.03
2023-08-07 16:48:52,918 | INFO | Recieved version from Gigabyte: 13.05.03
2023-08-07 16:48:58,404 | INFO | Recieved version from Gigabyte: 13.05.03
2023-08-07 16:49:05,094 | INFO | Recieved version from Gigabyte: 13.05.03
2023-08-07 16:49:12,699 | INFO | Recieved version from Gigabyte: 13.05.03
2023-08-07 16:49:20,220 | INFO | Recieved version from Gigabyte: 13.05.03
2023-08-07 16:49:27,719 | INFO | Recieved version from Gigabyte: 13.05.03
2023-08-07 16:49:35,292 | INFO | Recieved version from Gigabyte: 13.05.03
2023-08-07 16:49:42,800 | INFO | Recieved version from Gigabyte: 13.05.03
2023-08-07 16:49:50,451 | INFO | Recieved version from Gigabyte: 13.05.03
2023-08-07 16:49:58,143 | INFO | Recieved version from Gigabyte: 13.05.03
2023-08-07 16:50:05,862 | INFO | Recieved version from Gigabyte: 13.05.03
2023-08-07 16:50:13,561 | INFO | Recieved version from Gigabyte: 13.05.03
2023-08-07 16:50:21,368 | INFO | Recieved version from Gigabyte: 13.05.03
2023-08-07 16:50:29,123 | INFO | Recieved version from Gigabyte: 13.05.03
2023-08-07 16:50:36,874 | INFO | Recieved version from Gigabyte: 13.05.03
2023-08-07 16:50:44,502 | INFO | Recieved version from Gigabyte: 13.05.03
2023-08-07 16:50:52,147 | INFO | Recieved version from Gigabyte: 13.05.03
2023-08-07 16:50:59,860 | INFO | Recieved version from Gigabyte: 13.05.03
2023-08-07 16:51:07,590 | INFO | Recieved version from Gigabyte: 13.05.03
2023-08-07 16:51:15,202 | INFO | Recieved version from Gigabyte: 13.05.03
2023-08-07 16:51:22,952 | INFO | Recieved version from Gigabyte: 13.05.03
2023-08-07 16:51:30,603 | INFO | Recieved version from Gigabyte: 13.05.03
2023-08-07 16:51:38,128 | INFO | Recieved version from Gigabyte: 13.05.03
2023-08-07 16:51:45,581 | INFO | Recieved version from Gigabyte: 13.05.03
2023-08-07 16:51:53,286 | INFO | Recieved version from Gigabyte: 13.05.03
2023-08-07 16:52:00,934 | INFO | Recieved version from Gigabyte: 13.05.03
2023-08-07 16:52:08,628 | INFO | Recieved version from Gigabyte: 13.05.03
2023-08-07 16:52:16,324 | INFO | Recieved version from Gigabyte: 13.05.03
2023-08-07 16:52:23,870 | INFO | Recieved version from Gigabyte: 13.05.03
2023-08-07 16:52:31,376 | INFO | Recieved version from Gigabyte: 13.05.03
2023-08-07 16:52:39,070 | INFO | Recieved version from Gigabyte: 13.05.03
2023-08-07 16:52:46,697 | INFO | Recieved version from Gigabyte: 13.05.03
2023-08-07 16:52:54,377 | INFO | Recieved version from Gigabyte: 13.05.03
2023-08-07 16:53:02,087 | INFO | Recieved version from Gigabyte: 13.05.03
2023-08-07 16:53:09,762 | INFO | Recieved version from Gigabyte: 13.05.03
2023-08-07 16:53:17,286 | INFO | Recieved version from Gigabyte: 13.05.03
2023-08-07 16:53:24,888 | INFO | Recieved version from Gigabyte: 13.05.03
2023-08-07 16:53:32,389 | INFO | Recieved version from Gigabyte: 13.05.03
2023-08-07 16:53:40,059 | INFO | Recieved version from Gigabyte: 13.05.03
2023-08-07 16:53:47,649 | INFO | Recieved version from Gigabyte: 13.05.03
2023-08-07 16:53:55,205 | INFO | Recieved version from Gigabyte: 13.05.03
2023-08-07 16:54:02,818 | INFO | Recieved version from Gigabyte: 13.05.03
2023-08-07 16:54:10,453 | INFO | Recieved version from Gigabyte: 13.05.03
2023-08-07 16:54:18,167 | INFO | Recieved version from Gigabyte: 13.05.03
2023-08-07 16:54:25,874 | INFO | Recieved version from Gigabyte: 13.05.03
2023-08-07 16:54:33,562 | INFO | Recieved version from Gigabyte: 13.05.03
2023-08-07 16:54:41,097 | INFO | Recieved version from Gigabyte: 13.05.03
2023-08-07 16:54:48,677 | INFO | Recieved version from Gigabyte: 13.05.03
2023-08-07 16:54:56,232 | INFO | Recieved version from Gigabyte: 13.05.03
2023-08-07 16:55:03,958 | INFO | Recieved version from Gigabyte: 13.05.03
2023-08-07 16:55:11,664 | INFO | Recieved version from Gigabyte: 13.05.03
2023-08-07 16:55:19,199 | INFO | Recieved version from Gigabyte: 13.05.03
2023-08-07 16:55:26,822 | INFO | Recieved version from Gigabyte: 13.05.03
2023-08-07 16:55:34,374 | INFO | Recieved version from Gigabyte: 13.05.03
2023-08-07 16:55:42,005 | INFO | Recieved version from Gigabyte: 13.05.03
2023-08-07 16:55:49,662 | INFO | Recieved version from Gigabyte: 13.05.03
2023-08-07 16:55:57,406 | INFO | Recieved version from Gigabyte: 13.05.03
2023-08-07 16:56:05,119 | INFO | Recieved version from Gigabyte: 13.05.03
2023-08-07 16:56:12,904 | INFO | Recieved version from Gigabyte: 13.05.03
2023-08-07 16:56:20,458 | INFO | Recieved version from Gigabyte: 13.05.03
2023-08-07 16:56:28,162 | INFO | Recieved version from Gigabyte: 13.05.03
2023-08-07 16:56:35,861 | INFO | Recieved version from Gigabyte: 13.05.03
2023-08-07 16:56:43,552 | INFO | Recieved version from Gigabyte: 13.05.03
2023-08-07 16:56:51,282 | INFO | Recieved version from Gigabyte: 13.05.03
2023-08-07 16:56:58,889 | INFO | Recieved version from Gigabyte: 13.05.03
2023-08-07 16:57:06,561 | INFO | Recieved version from Gigabyte: 13.05.03
2023-08-07 16:57:14,142 | INFO | Recieved version from Gigabyte: 13.05.03
2023-08-07 16:57:21,885 | INFO | Recieved version from Gigabyte: 13.05.03
2023-08-07 16:57:29,405 | INFO | Recieved version from Gigabyte: 13.05.03
2023-08-07 16:57:37,138 | INFO | Recieved version from Gigabyte: 13.05.03
2023-08-07 16:57:44,735 | INFO | Recieved version from Gigabyte: 13.05.03
2023-08-07 16:57:52,433 | INFO | Recieved version from Gigabyte: 13.05.03
2023-08-07 16:58:00,355 | INFO | Recieved version from Gigabyte: 13.05.03
2023-08-07 16:58:08,369 | INFO | Recieved version from Gigabyte: 13.05.03
2023-08-07 16:58:15,883 | INFO | Recieved version from Gigabyte: 13.05.03
2023-08-07 16:58:23,408 | INFO | Recieved version from Gigabyte: 13.05.03
2023-08-07 16:58:30,915 | INFO | Recieved version from Gigabyte: 13.05.03
2023-08-07 16:58:38,690 | INFO | Recieved version from Gigabyte: 13.05.03
2023-08-07 16:58:46,327 | INFO | Recieved version from Gigabyte: 13.05.03
2023-08-07 16:58:53,892 | INFO | Recieved version from Gigabyte: 13.05.03
2023-08-07 16:59:01,356 | INFO | Recieved version from Gigabyte: 13.05.03
2023-08-07 16:59:09,745 | INFO | Recieved version from Gigabyte: 13.05.03
2023-08-07 16:59:17,305 | INFO | Recieved version from Gigabyte: 13.05.03
2023-08-07 16:59:24,884 | INFO | Recieved version from Gigabyte: 13.05.03
2023-08-07 16:59:32,442 | INFO | Recieved version from Gigabyte: 13.05.03
2023-08-07 16:59:40,049 | INFO | Recieved version from Gigabyte: 13.05.03
2023-08-07 16:59:47,560 | INFO | Recieved version from Gigabyte: 13.05.03
2023-08-07 16:59:55,205 | INFO | Recieved version from Gigabyte: 13.05.03
2023-08-07 17:00:02,958 | INFO | Recieved version from Gigabyte: 13.05.03
2023-08-07 17:00:10,590 | INFO | Recieved version from Gigabyte: 13.05.03
2023-08-07 17:00:18,170 | INFO | Recieved version from Gigabyte: 13.05.03
2023-08-07 17:00:25,754 | INFO | Recieved version from Gigabyte: 13.05.03
2023-08-07 17:00:33,361 | INFO | Recieved version from Gigabyte: 13.05.03
2023-08-07 17:00:40,935 | INFO | Recieved version from Gigabyte: 13.05.03
2023-08-07 17:00:48,559 | INFO | Recieved version from Gigabyte: 13.05.03
2023-08-07 17:00:56,244 | INFO | Recieved version from Gigabyte: 13.05.03
2023-08-07 17:01:03,926 | INFO | Recieved version from Gigabyte: 13.05.03
2023-08-07 17:01:11,554 | INFO | Recieved version from Gigabyte: 13.05.03
2023-08-07 17:01:19,181 | INFO | Recieved version from Gigabyte: 13.05.03
2023-08-07 17:01:26,853 | INFO | Recieved version from Gigabyte: 13.05.03
2023-08-07 17:01:34,500 | INFO | Recieved version from Gigabyte: 13.05.03
2023-08-07 17:01:42,177 | INFO | Recieved version from Gigabyte: 13.05.03
2023-08-07 17:01:49,790 | INFO | Recieved version from Gigabyte: 13.05.03
2023-08-07 17:01:57,401 | INFO | Recieved version from Gigabyte: 13.05.03
2023-08-07 17:02:05,270 | INFO | Recieved version from Gigabyte: 13.05.03
2023-08-07 17:02:13,030 | INFO | Recieved version from Gigabyte: 13.05.03
2023-08-07 17:02:20,643 | INFO | Recieved version from Gigabyte: 13.05.03
2023-08-07 17:02:28,325 | INFO | Recieved version from Gigabyte: 13.05.03
2023-08-07 17:02:36,026 | INFO | Recieved version from Gigabyte: 13.05.03
2023-08-07 17:02:43,594 | INFO | Recieved version from Gigabyte: 13.05.03
2023-08-07 17:02:51,163 | INFO | Recieved version from Gigabyte: 13.05.03
2023-08-07 17:02:58,782 | INFO | Recieved version from Gigabyte: 13.05.03
2023-08-07 17:03:06,426 | INFO | Recieved version from Gigabyte: 13.05.03
2023-08-07 17:03:14,172 | INFO | Recieved version from Gigabyte: 13.05.03
2023-08-07 17:03:21,870 | INFO | Recieved version from Gigabyte: 13.05.03
2023-08-07 17:03:29,560 | INFO | Recieved version from Gigabyte: 13.05.03
2023-08-07 17:03:37,235 | INFO | Recieved version from Gigabyte: 13.05.03
2023-08-07 17:03:45,026 | INFO | Recieved version from Gigabyte: 13.05.03
2023-08-07 17:03:52,801 | INFO | Recieved version from Gigabyte: 13.05.03
2023-08-07 17:04:00,412 | INFO | Recieved version from Gigabyte: 13.05.03
2023-08-07 17:04:08,082 | INFO | Recieved version from Gigabyte: 13.05.03
2023-08-07 17:04:15,746 | INFO | Recieved version from Gigabyte: 13.05.03
2023-08-07 17:04:23,437 | INFO | Recieved version from Gigabyte: 13.05.03
2023-08-07 17:04:31,129 | INFO | Recieved version from Gigabyte: 13.05.03
2023-08-07 17:04:38,826 | INFO | Recieved version from Gigabyte: 13.05.03
2023-08-07 17:04:46,471 | INFO | Recieved version from Gigabyte: 13.05.03
2023-08-07 17:04:54,160 | INFO | Recieved version from Gigabyte: 13.05.03
2023-08-07 17:05:01,864 | INFO | Recieved version from Gigabyte: 13.05.03
2023-08-07 17:05:09,589 | INFO | Recieved version from Gigabyte: 13.05.03
2023-08-07 17:05:17,533 | INFO | Recieved version from Gigabyte: 13.05.03
2023-08-07 17:05:25,015 | INFO | Recieved version from Gigabyte: 13.05.03
2023-08-07 17:05:32,522 | INFO | Recieved version from Gigabyte: 13.05.03
2023-08-07 17:05:40,043 | INFO | Recieved version from Gigabyte: 13.05.03
2023-08-07 17:05:47,528 | INFO | Recieved version from Gigabyte: 13.05.03
2023-08-07 17:05:55,323 | INFO | Recieved version from Gigabyte: 13.05.03
2023-08-07 17:06:02,836 | INFO | Recieved version from Gigabyte: 13.05.03
2023-08-07 17:06:10,519 | INFO | Recieved version from Gigabyte: 13.05.03
2023-08-07 17:06:18,177 | INFO | Recieved version from Gigabyte: 13.05.03
2023-08-07 17:06:26,005 | INFO | Recieved version from Gigabyte: 13.05.03
2023-08-07 17:06:33,547 | INFO | Recieved version from Gigabyte: 13.05.03
2023-08-07 17:06:41,206 | INFO | Recieved version from Gigabyte: 13.05.03
2023-08-07 17:06:48,843 | INFO | Recieved version from Gigabyte: 13.05.03
2023-08-07 17:06:56,579 | INFO | Recieved version from Gigabyte: 13.05.03
2023-08-07 17:07:04,200 | INFO | Recieved version from Gigabyte: 13.05.03
2023-08-07 17:07:12,093 | INFO | Recieved version from Gigabyte: 13.05.03
2023-08-07 17:07:17,807 | INFO | Recieved version from Gigabyte: 13.05.03
2023-08-07 17:07:25,445 | INFO | Recieved version from Gigabyte: 13.05.03
2023-08-07 17:07:33,044 | INFO | Recieved version from Gigabyte: 13.05.03
2023-08-07 17:07:40,658 | INFO | Recieved version from Gigabyte: 13.05.03
2023-08-07 17:07:48,256 | INFO | Recieved version from Gigabyte: 13.05.03
2023-08-07 17:07:56,016 | INFO | Recieved version from Gigabyte: 13.05.03
2023-08-07 17:08:03,817 | INFO | Recieved version from Gigabyte: 13.05.03
2023-08-07 17:08:11,475 | INFO | Recieved version from Gigabyte: 13.05.03
2023-08-07 17:08:19,130 | INFO | Recieved version from Gigabyte: 13.05.03
2023-08-07 17:08:26,634 | INFO | Recieved version from Gigabyte: 13.05.03
2023-08-07 17:08:34,405 | INFO | Recieved version from Gigabyte: 13.05.03
2023-08-07 17:08:42,021 | INFO | Recieved version from Gigabyte: 13.05.03
2023-08-07 17:08:49,721 | INFO | Recieved version from Gigabyte: 13.05.03
2023-08-07 17:08:57,436 | INFO | Recieved version from Gigabyte: 13.05.03
2023-08-07 17:09:04,973 | INFO | Recieved version from Gigabyte: 13.05.03
2023-08-07 17:09:12,612 | INFO | Recieved version from Gigabyte: 13.05.03
2023-08-07 17:09:20,237 | INFO | Recieved version from Gigabyte: 13.05.03
2023-08-07 17:09:27,890 | INFO | Recieved version from Gigabyte: 13.05.03
2023-08-07 17:09:35,495 | INFO | Recieved version from Gigabyte: 13.05.03
2023-08-07 17:09:43,158 | INFO | Recieved version from Gigabyte: 13.05.03
2023-08-07 17:09:50,731 | INFO | Recieved version from Gigabyte: 13.05.03
2023-08-07 17:09:58,447 | INFO | Recieved version from Gigabyte: 13.05.03
2023-08-07 17:10:06,080 | INFO | Recieved version from Gigabyte: 13.05.03
2023-08-07 17:10:13,698 | INFO | Recieved version from Gigabyte: 13.05.03
2023-08-07 17:10:21,426 | INFO | Recieved version from Gigabyte: 13.05.03
2023-08-07 17:10:29,110 | INFO | Recieved version from Gigabyte: 13.05.03
2023-08-07 17:10:36,692 | INFO | Recieved version from Gigabyte: 13.05.03
2023-08-07 17:10:44,330 | INFO | Recieved version from Gigabyte: 13.05.03
2023-08-07 17:10:51,966 | INFO | Recieved version from Gigabyte: 13.05.03
2023-08-07 17:10:59,535 | INFO | Recieved version from Gigabyte: 13.05.03
2023-08-07 17:11:07,173 | INFO | Recieved version from Gigabyte: 13.05.03
2023-08-07 17:11:14,735 | INFO | Recieved version from Gigabyte: 13.05.03
2023-08-07 17:11:22,314 | INFO | Recieved version from Gigabyte: 13.05.03
2023-08-07 17:11:29,930 | INFO | Recieved version from Gigabyte: 13.05.03
2023-08-07 17:11:37,551 | INFO | Recieved version from Gigabyte: 13.05.03
2023-08-07 17:11:45,443 | INFO | Recieved version from Gigabyte: 13.05.03
2023-08-07 17:11:53,043 | INFO | Recieved version from Gigabyte: 13.05.03
2023-08-07 17:12:00,661 | INFO | Recieved version from Gigabyte: 13.05.03
2023-08-07 17:12:08,215 | INFO | Recieved version from Gigabyte: 13.05.03
2023-08-07 17:12:15,847 | INFO | Recieved version from Gigabyte: 13.05.03
2023-08-07 17:12:23,451 | INFO | Recieved version from Gigabyte: 13.05.03
2023-08-07 17:12:31,081 | INFO | Recieved version from Gigabyte: 13.05.03
2023-08-07 17:12:38,798 | INFO | Recieved version from Gigabyte: 13.05.03
2023-08-07 17:12:46,454 | INFO | Recieved version from Gigabyte: 13.05.03
2023-08-07 17:12:54,108 | INFO | Recieved version from Gigabyte: 13.05.03
2023-08-07 17:13:01,794 | INFO | Recieved version from Gigabyte: 13.05.03
2023-08-07 17:13:09,516 | INFO | Recieved version from Gigabyte: 13.05.03
2023-08-07 17:13:17,184 | INFO | Recieved version from Gigabyte: 13.05.03
2023-08-07 17:13:24,873 | INFO | Recieved version from Gigabyte: 13.05.03
2023-08-07 17:13:32,400 | INFO | Recieved version from Gigabyte: 13.05.03
2023-08-07 17:13:40,065 | INFO | Recieved version from Gigabyte: 13.05.03
2023-08-07 17:13:47,835 | INFO | Recieved version from Gigabyte: 13.05.03
2023-08-07 17:13:55,583 | INFO | Recieved version from Gigabyte: 13.05.03
2023-08-07 17:14:03,286 | INFO | Recieved version from Gigabyte: 13.05.03
2023-08-07 17:14:10,979 | INFO | Recieved version from Gigabyte: 13.05.03
2023-08-07 17:14:18,671 | INFO | Recieved version from Gigabyte: 13.05.03
2023-08-07 17:14:26,361 | INFO | Recieved version from Gigabyte: 13.05.03
2023-08-07 17:14:34,094 | INFO | Recieved version from Gigabyte: 13.05.03
2023-08-07 17:14:41,735 | INFO | Recieved version from Gigabyte: 13.05.03
2023-08-07 17:14:49,438 | INFO | Recieved version from Gigabyte: 13.05.03
2023-08-07 17:14:57,087 | INFO | Recieved version from Gigabyte: 13.05.03
2023-08-07 17:15:04,785 | INFO | Recieved version from Gigabyte: 13.05.03
2023-08-07 17:15:12,498 | INFO | Recieved version from Gigabyte: 13.05.03
2023-08-07 17:15:20,200 | INFO | Recieved version from Gigabyte: 13.05.03
2023-08-07 17:15:27,963 | INFO | Recieved version from Gigabyte: 13.05.03
2023-08-07 17:15:35,501 | INFO | Recieved version from Gigabyte: 13.05.03
2023-08-07 17:15:43,252 | INFO | Recieved version from Gigabyte: 13.05.03
2023-08-07 17:15:50,932 | INFO | Recieved version from Gigabyte: 13.05.03
2023-08-07 17:15:58,480 | INFO | Recieved version from Gigabyte: 13.05.03
2023-08-07 17:16:06,132 | INFO | Recieved version from Gigabyte: 13.05.03
2023-08-07 17:16:13,664 | INFO | Recieved version from Gigabyte: 13.05.03
2023-08-07 17:16:21,294 | INFO | Recieved version from Gigabyte: 13.05.03
2023-08-07 17:16:28,953 | INFO | Recieved version from Gigabyte: 13.05.03
2023-08-07 17:16:36,632 | INFO | Recieved version from Gigabyte: 13.05.03
2023-08-07 17:16:44,194 | INFO | Recieved version from Gigabyte: 13.05.03
2023-08-07 17:16:51,706 | INFO | Recieved version from Gigabyte: 13.05.03
2023-08-07 17:16:59,348 | INFO | Recieved version from Gigabyte: 13.05.03
2023-08-07 17:17:06,900 | INFO | Recieved version from Gigabyte: 13.05.03
2023-08-07 17:17:14,425 | INFO | Recieved version from Gigabyte: 13.05.03
2023-08-07 17:17:22,037 | INFO | Recieved version from Gigabyte: 13.05.03
2023-08-07 17:17:29,741 | INFO | Recieved version from Gigabyte: 13.05.03
2023-08-07 17:17:37,387 | INFO | Recieved version from Gigabyte: 13.05.03
2023-08-07 17:17:45,114 | INFO | Recieved version from Gigabyte: 13.05.03
2023-08-07 17:17:52,894 | INFO | Recieved version from Gigabyte: 13.05.03
2023-08-07 17:18:00,412 | INFO | Recieved version from Gigabyte: 13.05.03
2023-08-07 17:18:07,963 | INFO | Recieved version from Gigabyte: 13.05.03
2023-08-07 17:18:15,701 | INFO | Recieved version from Gigabyte: 13.05.03
2023-08-07 17:18:23,280 | INFO | Recieved version from Gigabyte: 13.05.03
2023-08-07 17:18:31,060 | INFO | Recieved version from Gigabyte: 13.05.03
2023-08-07 17:18:38,744 | INFO | Recieved version from Gigabyte: 13.05.03
2023-08-07 17:18:46,400 | INFO | Recieved version from Gigabyte: 13.05.03
2023-08-07 17:18:54,121 | INFO | Recieved version from Gigabyte: 13.05.03
2023-08-07 17:19:01,738 | INFO | Recieved version from Gigabyte: 13.05.03
2023-08-07 17:19:09,357 | INFO | Recieved version from Gigabyte: 13.05.03
2023-08-07 17:19:17,015 | INFO | Recieved version from Gigabyte: 13.05.03
2023-08-07 17:19:24,715 | INFO | Recieved version from Gigabyte: 13.05.03
2023-08-07 17:19:32,331 | INFO | Recieved version from Gigabyte: 13.05.03
2023-08-07 17:19:39,990 | INFO | Recieved version from Gigabyte: 13.05.03
2023-08-07 17:19:47,517 | INFO | Recieved version from Gigabyte: 13.05.03
2023-08-07 17:19:55,175 | INFO | Recieved version from Gigabyte: 13.05.03
2023-08-07 17:20:03,097 | INFO | Recieved version from Gigabyte: 13.05.03
2023-08-07 17:20:10,818 | INFO | Recieved version from Gigabyte: 13.05.03
2023-08-07 17:20:18,479 | INFO | Recieved version from Gigabyte: 13.05.03
2023-08-07 17:20:26,171 | INFO | Recieved version from Gigabyte: 13.05.03
